<?xml version="1.0" encoding="UTF-8"?>
<!-- Generated by org.testng.reporters.JUnitXMLReporter -->
<testsuite ignored="0" hostname="DESKTOP-H0PI4DT" failures="3" tests="17" name="Test" time="0.195" errors="0" timestamp="2022-09-19T17:11:29 IST">
  <testcase classname="retryExample.AmazonTest" name="addItems" time="0.014">
    <skipped/>
  </testcase> <!-- addItems -->
  <testcase classname="retryExample.AmazonTest" name="addItems" time="0.003">
    <skipped/>
  </testcase> <!-- addItems -->
  <testcase classname="retryExample.AmazonTest" name="addItems" time="0.002">
    <skipped/>
  </testcase> <!-- addItems -->
  <testcase classname="retryExample.AmazonTest" name="addItems" time="0.001">
    <failure type="java.lang.AssertionError" message="did not expect to find [true] but found [false]">
      <![CDATA[java.lang.AssertionError: did not expect to find [true] but found [false]
at retryExample.AmazonTest.addItems(AmazonTest.java:42)
at java.base/java.util.ArrayList.forEach(ArrayList.java:1511)
... Removed 31 stack frames]]>
    </failure>
  </testcase> <!-- addItems -->
  <testcase classname="retryExample.AmazonTest" name="login" time="0.005"/>
  <testcase classname="retryExample.AmazonTest" name="payment" time="0.002">
    <skipped/>
  </testcase> <!-- payment -->
  <testcase classname="retryExample.AmazonTest" name="payment" time="0.001">
    <skipped/>
  </testcase> <!-- payment -->
  <testcase classname="retryExample.AmazonTest" name="payment" time="0.003">
    <skipped/>
  </testcase> <!-- payment -->
  <testcase classname="retryExample.AmazonTest" name="payment" time="0.002">
    <failure type="java.lang.ArithmeticException" message="/ by zero">
      <![CDATA[java.lang.ArithmeticException: / by zero
at retryExample.AmazonTest.payment(AmazonTest.java:32)
at java.base/java.util.ArrayList.forEach(ArrayList.java:1511)
... Removed 27 stack frames]]>
    </failure>
  </testcase> <!-- payment -->
  <testcase classname="retryExample.AmazonTest" name="verifyAppTitle" time="0.002"/>
  <testcase classname="recap.GoogleTest" name="login" time="0.004"/>
  <testcase classname="recap.GoogleTest" name="payment" time="0.002"/>
  <testcase classname="recap.GoogleTest" name="searchItems" time="0.003">
    <skipped/>
  </testcase> <!-- searchItems -->
  <testcase classname="recap.GoogleTest" name="searchItems" time="0.007">
    <skipped/>
  </testcase> <!-- searchItems -->
  <testcase classname="recap.GoogleTest" name="searchItems" time="0.001">
    <skipped/>
  </testcase> <!-- searchItems -->
  <testcase classname="recap.GoogleTest" name="searchItems" time="0.002">
    <failure type="java.lang.AssertionError" message="did not expect to find [true] but found [false]">
      <![CDATA[java.lang.AssertionError: did not expect to find [true] but found [false]
at recap.GoogleTest.searchItems(GoogleTest.java:42)
at java.base/java.util.ArrayList.forEach(ArrayList.java:1511)
... Removed 31 stack frames]]>
    </failure>
  </testcase> <!-- searchItems -->
  <testcase classname="recap.GoogleTest" name="verifyAppTitle" time="0.005"/>
</testsuite> <!-- Test -->
